Arguments: 
  C:\Program Files\nodejs\node.exe C:\Users\Adewale\AppData\Roaming\npm\node_modules\yarn\bin\yarn.js

PATH: 
  C:\ProgramData\Oracle\Java\javapath;C:\WINDOWS\system32;C:\WINDOWS;C:\WINDOWS\System32\Wbem;C:\WINDOWS\System32\WindowsPowerShell\v1.0\;C:\Users\Adewale\AppData\Roaming\npm;C:\Program Files\nodejs\;C:\Users\Adewale\AppData\Local\Programs\Python\Python36-32\;C:\Program Files\Git\cmd;C:\Users\Adewale\AppData\Local\Programs\Python\Python36-32\Scripts\;C:\Program Files (x86)\Microsoft VS Code\bin;C:\Program Files\Heroku\bin;C:\Users\Adewale\AppData\Local\GitHubDesktop\bin;C:\adb;C:\Users\Adewale\AppData\Local\Programs\Microsoft VS Code\bin

Yarn version: 
  1.3.2

Node version: 
  9.10.1

Platform: 
  win32 x64

npm manifest: 
  {
      "title": "Resume",
      "name": "startbootstrap-resume",
      "version": "5.0.2",
      "description": "Resume is a simple, yet elegant resume and CV theme for Bootstrap 4.",
      "keywords": [
          "css",
          "sass",
          "html",
          "responsive",
          "theme",
          "template"
      ],
      "homepage": "https://startbootstrap.com/template-overviews/resume",
      "bugs": {
          "url": "https://github.com/BlackrockDigital/startbootstrap-resume/issues",
          "email": "feedback@startbootstrap.com"
      },
      "license": "MIT",
      "author": "Start Bootstrap",
      "contributors": [
          "David Miller (http://davidmiller.io/)"
      ],
      "repository": {
          "type": "git",
          "url": "https://github.com/BlackrockDigital/startbootstrap-resume.git"
      },
      "dependencies": {
          "@fortawesome/fontawesome-free": "5.3.1",
          "bootstrap": "4.1.3",
          "jquery": "3.3.1"
      },
      "devDependencies": {
          "browser-sync": "2.24.7",
          "gulp": "^3.9.1",
          "gulp-autoprefixer": "6.0.0",
          "gulp-clean-css": "3.10.0",
          "gulp-header": "2.0.5",
          "gulp-rename": "1.4.0",
          "gulp-sass": "4.0.1",
          "gulp-uglify": "3.0.1"
      }
  }

yarn manifest: 
  No manifest

Lockfile: 
  No lockfile

Trace: 
  Error: https://registry.yarnpkg.com/lodash/-/lodash-4.17.11.tgz: ESOCKETTIMEDOUT
      at ClientRequest.<anonymous> (C:\Users\Adewale\AppData\Roaming\npm\node_modules\yarn\lib\cli.js:123716:19)
      at Object.onceWrapper (events.js:272:13)
      at ClientRequest.emit (events.js:180:13)
      at TLSSocket.emitTimeout (_http_client.js:703:34)
      at Object.onceWrapper (events.js:272:13)
      at TLSSocket.emit (events.js:180:13)
      at TLSSocket.Socket._onTimeout (net.js:396:8)
      at ontimeout (timers.js:466:11)
      at tryOnTimeout (timers.js:304:5)
      at Timer.listOnTimeout (timers.js:267:5)
